This is pdfTeX, Version 3.14159265-2.6-1.40.20 (TeX Live 2019/W32TeX) (preloaded format=pdflatex 2020.1.11)  7 JUN 2020 17:47
entering extended mode
 \write18 enabled.
 file:line:error style messages enabled.
 %&-line parsing enabled.
**"f:/FAKS/2. letnik/2. semester/Matematicno modeliranje/projektna_naloga/solution/solution.tex"
(f:/FAKS/2. letnik/2. semester/Matematicno modeliranje/projektna_naloga/solution/solution.tex
LaTeX2e <2019-10-01> patch level 3
(d:/APPLICATION/TEX LIVE/texlive/2019/texmf-dist/tex/latex/base/article.cls
Document Class: article 2019/10/25 v1.4k Standard LaTeX document class
(d:/APPLICATION/TEX LIVE/texlive/2019/texmf-dist/tex/latex/base/size12.clo
File: size12.clo 2019/10/25 v1.4k Standard LaTeX file (size option)
)
\c@part=\count80
\c@section=\count81
\c@subsection=\count82
\c@subsubsection=\count83
\c@paragraph=\count84
\c@subparagraph=\count85
\c@figure=\count86
\c@table=\count87
\abovecaptionskip=\skip41
\belowcaptionskip=\skip42
\bibindent=\dimen102
) (d:/APPLICATION/TEX LIVE/texlive/2019/texmf-dist/tex/latex/base/inputenc.sty
Package: inputenc 2018/08/11 v1.3c Input encoding file
\inpenc@prehook=\toks14
\inpenc@posthook=\toks15
) (d:/APPLICATION/TEX LIVE/texlive/2019/texmf-dist/tex/latex/base/fontenc.sty
Package: fontenc 2018/08/11 v2.0j Standard LaTeX package
 (d:/APPLICATION/TEX LIVE/texlive/2019/texmf-dist/tex/latex/base/t1enc.def
File: t1enc.def 2018/08/11 v2.0j Standard LaTeX file
LaTeX Font Info:    Redeclaring font encoding T1 on input line 48.
)) (d:/APPLICATION/TEX LIVE/texlive/2019/texmf-dist/tex/latex/amsmath/amsmath.sty
Package: amsmath 2019/11/16 v2.17d AMS math features
\@mathmargin=\skip43

For additional information on amsmath, use the `?' option.
(d:/APPLICATION/TEX LIVE/texlive/2019/texmf-dist/tex/latex/amsmath/amstext.sty
Package: amstext 2000/06/29 v2.01 AMS text
 (d:/APPLICATION/TEX LIVE/texlive/2019/texmf-dist/tex/latex/amsmath/amsgen.sty
File: amsgen.sty 1999/11/30 v2.0 generic functions
\@emptytoks=\toks16
\ex@=\dimen103
)) (d:/APPLICATION/TEX LIVE/texlive/2019/texmf-dist/tex/latex/amsmath/amsbsy.sty
Package: amsbsy 1999/11/29 v1.2d Bold Symbols
\pmbraise@=\dimen104
) (d:/APPLICATION/TEX LIVE/texlive/2019/texmf-dist/tex/latex/amsmath/amsopn.sty
Package: amsopn 2016/03/08 v2.02 operator names
)
\inf@bad=\count88
LaTeX Info: Redefining \frac on input line 227.
\uproot@=\count89
\leftroot@=\count90
LaTeX Info: Redefining \overline on input line 389.
\classnum@=\count91
\DOTSCASE@=\count92
LaTeX Info: Redefining \ldots on input line 486.
LaTeX Info: Redefining \dots on input line 489.
LaTeX Info: Redefining \cdots on input line 610.
\Mathstrutbox@=\box27
\strutbox@=\box28
\big@size=\dimen105
LaTeX Font Info:    Redeclaring font encoding OML on input line 733.
LaTeX Font Info:    Redeclaring font encoding OMS on input line 734.
\macc@depth=\count93
\c@MaxMatrixCols=\count94
\dotsspace@=\muskip10
\c@parentequation=\count95
\dspbrk@lvl=\count96
\tag@help=\toks17
\row@=\count97
\column@=\count98
\maxfields@=\count99
\andhelp@=\toks18
\eqnshift@=\dimen106
\alignsep@=\dimen107
\tagshift@=\dimen108
\tagwidth@=\dimen109
\totwidth@=\dimen110
\lineht@=\dimen111
\@envbody=\toks19
\multlinegap=\skip44
\multlinetaggap=\skip45
\mathdisplay@stack=\toks20
LaTeX Info: Redefining \[ on input line 2858.
LaTeX Info: Redefining \] on input line 2859.
) (d:/APPLICATION/TEX LIVE/texlive/2019/texmf-dist/tex/latex/tools/bm.sty
Package: bm 2019/07/24 v1.2d Bold Symbol Support (DPC/FMi)
\symboldoperators=\mathgroup4
\symboldletters=\mathgroup5
\symboldsymbols=\mathgroup6
LaTeX Font Info:    Redeclaring math alphabet \mathbf on input line 141.
LaTeX Info: Redefining \bm on input line 209.
) (d:/APPLICATION/TEX LIVE/texlive/2019/texmf-dist/tex/latex/geometry/geometry.sty
Package: geometry 2020/01/02 v5.9 Page Geometry
 (d:/APPLICATION/TEX LIVE/texlive/2019/texmf-dist/tex/latex/graphics/keyval.sty
Package: keyval 2014/10/28 v1.15 key=value parser (DPC)
\KV@toks@=\toks21
) (d:/APPLICATION/TEX LIVE/texlive/2019/texmf-dist/tex/generic/iftex/ifvtex.sty
Package: ifvtex 2019/10/25 v1.7 ifvtex legacy package. Use iftex instead.
 (d:/APPLICATION/TEX LIVE/texlive/2019/texmf-dist/tex/generic/iftex/iftex.sty
Package: iftex 2019/11/07 v1.0c TeX engine tests
))
\Gm@cnth=\count100
\Gm@cntv=\count101
\c@Gm@tempcnt=\count102
\Gm@bindingoffset=\dimen112
\Gm@wd@mp=\dimen113
\Gm@odd@mp=\dimen114
\Gm@even@mp=\dimen115
\Gm@layoutwidth=\dimen116
\Gm@layoutheight=\dimen117
\Gm@layouthoffset=\dimen118
\Gm@layoutvoffset=\dimen119
\Gm@dimlist=\toks22
) (d:/APPLICATION/TEX LIVE/texlive/2019/texmf-dist/tex/latex/pdfpages/pdfpages.sty
Package: pdfpages 2019/12/17 v0.5p Insert pages of external PDF documents (AM)
 (d:/APPLICATION/TEX LIVE/texlive/2019/texmf-dist/tex/latex/base/ifthen.sty
Package: ifthen 2014/09/29 v1.1c Standard LaTeX ifthen package (DPC)
) (d:/APPLICATION/TEX LIVE/texlive/2019/texmf-dist/tex/latex/tools/calc.sty
Package: calc 2017/05/25 v4.3 Infix arithmetic (KKT,FJ)
\calc@Acount=\count103
\calc@Bcount=\count104
\calc@Adimen=\dimen120
\calc@Bdimen=\dimen121
\calc@Askip=\skip46
\calc@Bskip=\skip47
LaTeX Info: Redefining \setlength on input line 80.
LaTeX Info: Redefining \addtolength on input line 81.
\calc@Ccount=\count105
\calc@Cskip=\skip48
) (d:/APPLICATION/TEX LIVE/texlive/2019/texmf-dist/tex/latex/eso-pic/eso-pic.sty
Package: eso-pic 2018/04/12 v2.0h eso-pic (RN)
 (d:/APPLICATION/TEX LIVE/texlive/2019/texmf-dist/tex/generic/atbegshi/atbegshi.sty
Package: atbegshi 2019/12/05 v1.19 At begin shipout hook (HO)
 (d:/APPLICATION/TEX LIVE/texlive/2019/texmf-dist/tex/generic/infwarerr/infwarerr.sty
Package: infwarerr 2019/12/03 v1.5 Providing info/warning/error messages (HO)
) (d:/APPLICATION/TEX LIVE/texlive/2019/texmf-dist/tex/generic/ltxcmds/ltxcmds.sty
Package: ltxcmds 2019/12/15 v1.24 LaTeX kernel commands for general use (HO)
)) (d:/APPLICATION/TEX LIVE/texlive/2019/texmf-dist/tex/latex/xcolor/xcolor.sty
Package: xcolor 2016/05/11 v2.12 LaTeX color extensions (UK)
 (d:/APPLICATION/TEX LIVE/texlive/2019/texmf-dist/tex/latex/graphics-cfg/color.cfg
File: color.cfg 2016/01/02 v1.6 sample color configuration
)
Package xcolor Info: Driver file: pdftex.def on input line 225.
 (d:/APPLICATION/TEX LIVE/texlive/2019/texmf-dist/tex/latex/graphics-def/pdftex.def
File: pdftex.def 2018/01/08 v1.0l Graphics/color driver for pdftex
)
Package xcolor Info: Model `cmy' substituted by `cmy0' on input line 1348.
Package xcolor Info: Model `hsb' substituted by `rgb' on input line 1352.
Package xcolor Info: Model `RGB' extended on input line 1364.
Package xcolor Info: Model `HTML' substituted by `rgb' on input line 1366.
Package xcolor Info: Model `Hsb' substituted by `hsb' on input line 1367.
Package xcolor Info: Model `tHsb' substituted by `hsb' on input line 1368.
Package xcolor Info: Model `HSB' substituted by `hsb' on input line 1369.
Package xcolor Info: Model `Gray' substituted by `gray' on input line 1370.
Package xcolor Info: Model `wave' substituted by `hsb' on input line 1371.
)) (d:/APPLICATION/TEX LIVE/texlive/2019/texmf-dist/tex/latex/graphics/graphicx.sty
Package: graphicx 2017/06/01 v1.1a Enhanced LaTeX Graphics (DPC,SPQR)
 (d:/APPLICATION/TEX LIVE/texlive/2019/texmf-dist/tex/latex/graphics/graphics.sty
Package: graphics 2019/11/01 v1.3d Standard LaTeX Graphics (DPC,SPQR)
 (d:/APPLICATION/TEX LIVE/texlive/2019/texmf-dist/tex/latex/graphics/trig.sty
Package: trig 2016/01/03 v1.10 sin cos tan (DPC)
) (d:/APPLICATION/TEX LIVE/texlive/2019/texmf-dist/tex/latex/graphics-cfg/graphics.cfg
File: graphics.cfg 2016/06/04 v1.11 sample graphics configuration
)
Package graphics Info: Driver file: pdftex.def on input line 105.
)
\Gin@req@height=\dimen122
\Gin@req@width=\dimen123
)
\AM@pagewidth=\dimen124
\AM@pageheight=\dimen125
 (d:/APPLICATION/TEX LIVE/texlive/2019/texmf-dist/tex/latex/pdfpages/pppdftex.def
File: pppdftex.def 2019/12/17 v0.5p Pdfpages driver for pdfTeX (AM)
)
\AM@pagebox=\box29
\AM@global@opts=\toks23
\AM@toc@title=\toks24
\c@AM@survey=\count106
\AM@templatesizebox=\box30
) (d:/APPLICATION/TEX LIVE/texlive/2019/texmf-dist/tex/latex/listings/listings.sty
\lst@mode=\count107
\lst@gtempboxa=\box31
\lst@token=\toks25
\lst@length=\count108
\lst@currlwidth=\dimen126
\lst@column=\count109
\lst@pos=\count110
\lst@lostspace=\dimen127
\lst@width=\dimen128
\lst@newlines=\count111
\lst@lineno=\count112
\lst@maxwidth=\dimen129
 (d:/APPLICATION/TEX LIVE/texlive/2019/texmf-dist/tex/latex/listings/lstmisc.sty
File: lstmisc.sty 2019/09/10 1.8c (Carsten Heinz)
\c@lstnumber=\count113
\lst@skipnumbers=\count114
\lst@framebox=\box32
) (d:/APPLICATION/TEX LIVE/texlive/2019/texmf-dist/tex/latex/listings/listings.cfg
File: listings.cfg 2019/09/10 1.8c listings configuration
))
Package: listings 2019/09/10 1.8c (Carsten Heinz)
 (d:/APPLICATION/TEX LIVE/texlive/2019/texmf-dist/tex/latex/listings/lstlang1.sty
File: lstlang1.sty 2019/09/10 1.8c listings language file
) (./solution.aux)
\openout1 = `solution.aux'.

LaTeX Font Info:    Checking defaults for OML/cmm/m/it on input line 17.
LaTeX Font Info:    ... okay on input line 17.
LaTeX Font Info:    Checking defaults for T1/cmr/m/n on input line 17.
LaTeX Font Info:    ... okay on input line 17.
LaTeX Font Info:    Checking defaults for OT1/cmr/m/n on input line 17.
LaTeX Font Info:    ... okay on input line 17.
LaTeX Font Info:    Checking defaults for OMS/cmsy/m/n on input line 17.
LaTeX Font Info:    ... okay on input line 17.
LaTeX Font Info:    Checking defaults for OMX/cmex/m/n on input line 17.
LaTeX Font Info:    ... okay on input line 17.
LaTeX Font Info:    Checking defaults for U/cmr/m/n on input line 17.
LaTeX Font Info:    ... okay on input line 17.

*geometry* driver: auto-detecting
*geometry* detected driver: pdftex
*geometry* verbose mode - [ preamble ] result:
* driver: pdftex
* paper: a4paper
* layout: <same size as paper>
* layoutoffset:(h,v)=(0.0pt,0.0pt)
* modes: 
* h-part:(L,W,R)=(89.62709pt, 418.25368pt, 89.6271pt)
* v-part:(T,H,B)=(56.9055pt, 686.7347pt, 101.40665pt)
* \paperwidth=597.50787pt
* \paperheight=845.04684pt
* \textwidth=418.25368pt
* \textheight=686.7347pt
* \oddsidemargin=17.3571pt
* \evensidemargin=17.3571pt
* \topmargin=-52.36449pt
* \headheight=12.0pt
* \headsep=25.0pt
* \topskip=12.0pt
* \footskip=30.0pt
* \marginparwidth=44.0pt
* \marginparsep=10.0pt
* \columnsep=10.0pt
* \skip\footins=10.8pt plus 4.0pt minus 2.0pt
* \hoffset=0.0pt
* \voffset=0.0pt
* \mag=1000
* \@twocolumnfalse
* \@twosidefalse
* \@mparswitchfalse
* \@reversemarginfalse
* (1in=72.27pt=25.4mm, 1cm=28.453pt)

\AtBeginShipoutBox=\box33
(d:/APPLICATION/TEX LIVE/texlive/2019/texmf-dist/tex/context/base/mkii/supp-pdf.mkii
[Loading MPS to PDF converter (version 2006.09.02).]
\scratchcounter=\count115
\scratchdimen=\dimen130
\scratchbox=\box34
\nofMPsegments=\count116
\nofMParguments=\count117
\everyMPshowfont=\toks26
\MPscratchCnt=\count118
\MPscratchDim=\dimen131
\MPnumerator=\count119
\makeMPintoPDFobject=\count120
\everyMPtoPDFconversion=\toks27
) (d:/APPLICATION/TEX LIVE/texlive/2019/texmf-dist/tex/latex/epstopdf-pkg/epstopdf-base.sty
Package: epstopdf-base 2019-12-09 v2.10 Base part for package epstopdf
Package epstopdf-base Info: Redefining graphics rule for `.eps' on input line 485.
 (d:/APPLICATION/TEX LIVE/texlive/2019/texmf-dist/tex/latex/latexconfig/epstopdf-sys.cfg
File: epstopdf-sys.cfg 2010/07/13 v1.3 Configuration of (r)epstopdf for TeX Live
)) (d:/APPLICATION/TEX LIVE/texlive/2019/texmf-dist/tex/latex/pdflscape/pdflscape.sty
Package: pdflscape 2019/12/05 v0.12 Display of landscape pages in PDF (HO)
 (d:/APPLICATION/TEX LIVE/texlive/2019/texmf-dist/tex/latex/graphics/lscape.sty
Package: lscape 2000/10/22 v3.01 Landscape Pages (DPC)
)
Package pdflscape Info: Auto-detected driver: pdftex on input line 81.
)
\c@lstlisting=\count121
LaTeX Font Info:    Trying to load font information for T1+cmtt on input line 46.
 (d:/APPLICATION/TEX LIVE/texlive/2019/texmf-dist/tex/latex/base/t1cmtt.fd
File: t1cmtt.fd 2014/09/29 v2.5h Standard LaTeX font definitions
) [1

{d:/APPLICATION/TEX LIVE/texlive/2019/texmf-var/fonts/map/pdftex/updmap/pdftex.map}] [2] (./solution.aux) ) 
Here is how much of TeX's memory you used:
 5350 strings out of 492163
 74102 string characters out of 6119094
 350576 words of memory out of 5000000
 9636 multiletter control sequences out of 15000+600000
 18884 words of font info for 56 fonts, out of 8000000 for 9000
 1141 hyphenation exceptions out of 8191
 40i,8n,45p,342b,217s stack positions out of 5000i,500n,10000p,200000b,80000s
{d:/APPLICATION/TEX LIVE/texlive/2019/texmf-dist/fonts/enc/dvips/cm-super/cm-super-t1.enc}<d:/APPLICATION/TEX LIVE/texlive/2019/texmf-dist/fonts/type1/public/amsfonts/cm/cmex10.pfb><d:/APPLICATION/TEX LIVE/texlive/2019/texmf-dist/fonts/type1/public/amsfonts/cm/cmmi12.pfb><d:/APPLICATION/TEX LIVE/texlive/2019/texmf-dist/fonts/type1/public/amsfonts/cm/cmmi8.pfb><d:/APPLICATION/TEX LIVE/texlive/2019/texmf-dist/fonts/type1/public/amsfonts/cm/cmr12.pfb><d:/APPLICATION/TEX LIVE/texlive/2019/texmf-dist/fonts/type1/public/amsfonts/cm/cmr8.pfb><d:/APPLICATION/TEX LIVE/texlive/2019/texmf-dist/fonts/type1/public/amsfonts/cm/cmsy10.pfb><d:/APPLICATION/TEX LIVE/texlive/2019/texmf-dist/fonts/type1/public/amsfonts/cm/cmsy8.pfb><d:/APPLICATION/TEX LIVE/texlive/2019/texmf-dist/fonts/type1/public/cm-super/sfbx1728.pfb><d:/APPLICATION/TEX LIVE/texlive/2019/texmf-dist/fonts/type1/public/cm-super/sfbx2074.pfb><d:/APPLICATION/TEX LIVE/texlive/2019/texmf-dist/fonts/type1/public/cm-super/sfrm1200.pfb><d:/APPLICATION/TEX LIVE/texlive/2019/texmf-dist/fonts/type1/public/cm-super/sfrm1440.pfb><d:/APPLICATION/TEX LIVE/texlive/2019/texmf-dist/fonts/type1/public/cm-super/sftt1200.pfb>
Output written on solution.pdf (2 pages, 139753 bytes).
PDF statistics:
 60 PDF objects out of 1000 (max. 8388607)
 43 compressed objects within 1 object stream
 0 named destinations out of 1000 (max. 500000)
 1 words of extra memory for PDF output out of 10000 (max. 10000000)

